Sequence		tRNA   	Bounds 	tRNA	Anti	Intron Bounds	Inf	      
Name    	tRNA #	Begin  	End    	Type	Codon	Begin	End	Score	Note
--------	------	-----  	------ 	----	-----	-----	----	------	------
scaf1   	1	324109 	324180 	Gly	TCC	0	0	65.2	
scaf1   	2	324253 	324325 	Ala	CGC	0	0	74.3	
scaf1   	3	407577 	407648 	His	GTG	0	0	58.3	
scaf1   	4	557891 	557963 	Arg	CCT	0	0	70.3	
scaf1   	5	778010 	778110 	Lys	TTT	778047	778074	71.6	
scaf1   	6	944654 	944727 	Asn	GTT	0	0	72.8	
scaf1   	7	991117 	991198 	Leu	CAA	0	0	68.1	
scaf1   	8	1152308	1152391	Leu	TAA	0	0	73.7	
scaf1   	9	1231370	1231451	Leu	CAA	0	0	68.1	
scaf1   	10	1241951	1242047	Arg	ACG	1241988	1242011	63.4	
scaf1   	11	1311168	1311246	His	GTG	0	0	20.4	pseudo
scaf1   	12	1311241	1311312	Met	CAT	0	0	54.9	
scaf1   	13	1311330	1311402	Thr	TGT	0	0	24.2	
scaf1   	14	1311407	1311477	Sup	TCA	1311444	1311446	34.0	
scaf1   	15	1237144	1237073	Val	CAC	0	0	60.3	
scaf1   	16	918867 	918797 	Gly	GCC	0	0	61.6	
scaf1   	17	722335 	722263 	Thr	AGT	0	0	73.2	
scaf2   	1	91529  	91602  	Ile	AAT	0	0	71.5	
scaf2   	2	273303 	273375 	Thr	AGT	0	0	73.2	
scaf2   	3	407356 	407428 	Arg	TCT	0	0	54.3	pseudo
scaf2   	4	445660 	445733 	Ile	AAT	0	0	71.5	
scaf2   	5	445752 	445824 	Ala	AGC	0	0	67.7	
scaf2   	6	451983 	452056 	Asn	GTT	0	0	72.8	
scaf2   	7	522960 	523048 	Met	CAT	522997	523012	62.0	
scaf2   	8	548537 	548608 	Thr	CGT	0	0	77.7	
scaf2   	9	621394 	621475 	Leu	CAG	0	0	69.2	
scaf2   	10	693098 	693169 	Gln	TTG	0	0	63.5	
scaf2   	11	739148 	739233 	Lys	CTT	739185	739197	75.9	
scaf2   	12	740731 	740816 	Lys	CTT	740768	740780	75.9	
scaf2   	13	741046 	741131 	Lys	CTT	741083	741095	75.9	
scaf2   	14	746678 	746763 	Lys	CTT	746715	746727	75.9	
scaf2   	15	748294 	748379 	Lys	CTT	748331	748343	75.9	
scaf2   	16	748973 	749058 	Lys	CTT	749010	749022	75.9	
scaf2   	17	911076 	911149 	Val	AAC	0	0	68.5	
scaf2   	18	911158 	911228 	Gly	GCC	0	0	61.6	
scaf2   	19	914052 	914123 	Cys	GCA	0	0	78.6	
scaf2   	20	896152 	896069 	Leu	TAA	0	0	73.7	
scaf2   	21	708957 	708867 	Phe	GAA	708920	708903	71.0	
scaf2   	22	532993 	532910 	Leu	TAA	0	0	73.7	
scaf3   	1	371463 	371534 	Glu	TTC	0	0	54.8	
scaf3   	2	598542 	598633 	Ser	GCT	598579	598588	65.1	
scaf3   	3	679066 	679139 	Val	AAC	0	0	68.5	
scaf3   	4	746774 	746845 	iMet	CAT	0	0	69.6	
scaf3   	5	984686 	984758 	Ala	TGC	0	0	76.8	
scaf3   	6	1019914	1019997	Leu	TAA	0	0	73.7	
scaf3   	7	1035523	1035594	Asp	GTC	0	0	56.3	
scaf3   	8	1035603	1035673	Gly	GCC	0	0	61.6	
scaf3   	9	1043275	1043347	Thr	AGT	0	0	73.2	
scaf3   	10	1075841	1075912	Gln	TTG	0	0	67.3	
scaf3   	11	1316207	1316280	Asn	GTT	0	0	72.8	
scaf3   	12	1418607	1418703	Arg	ACG	1418644	1418667	63.4	
scaf3   	13	1444708	1444624	Arg	CCG	1444670	1444660	51.7	
scaf3   	14	1334678	1334596	Leu	AAG	0	0	65.6	
scaf3   	15	1313436	1313351	Lys	CTT	1313399	1313387	75.9	
scaf3   	16	1048502	1048402	Lys	TTT	1048465	1048438	71.6	
scaf3   	17	1027690	1027594	Arg	ACG	1027653	1027630	63.4	
scaf3   	18	911408 	911335 	Asn	GTT	0	0	72.8	
scaf3   	19	728385 	728312 	Ile	AAT	0	0	71.5	
scaf3   	20	728293 	728221 	Ala	AGC	0	0	67.7	
scaf3   	21	274737 	274664 	Ile	AAT	0	0	71.5	
scaf3   	22	274645 	274573 	Ala	AGC	0	0	67.7	
scaf3   	23	193361 	193279 	Leu	AAG	0	0	64.6	
scaf3   	24	134620 	134550 	Gly	GCC	0	0	61.6	
scaf4   	1	130771 	130842 	Asp	GTC	0	0	56.3	
scaf4   	2	338391 	338463 	Arg	TCT	0	0	74.5	
scaf4   	3	356486 	356575 	Tyr	GTA	356524	356539	53.2	
scaf4   	4	356594 	356666 	Thr	AGT	0	0	73.2	
scaf4   	5	360561 	360634 	Ile	AAT	0	0	71.5	
scaf4   	6	360653 	360725 	Ala	AGC	0	0	67.7	
scaf4   	7	547289 	547361 	Thr	AGT	0	0	73.2	
scaf4   	8	553522 	553593 	Glu	TTC	0	0	54.8	
scaf4   	9	579965 	580037 	Arg	TCT	0	0	74.5	
scaf4   	10	817393 	817474 	Ser	TGA	0	0	79.6	
scaf4   	11	839978 	840048 	Gly	GCC	0	0	61.6	
scaf4   	12	1452250	1452321	Asp	GTC	0	0	56.3	
scaf4   	13	1466605	1466675	Gly	GCC	0	0	61.6	
scaf4   	14	1407314	1407243	Gly	TCC	0	0	67.3	
scaf4   	15	1388809	1388738	Glu	TTC	0	0	54.8	
scaf4   	16	1369225	1369136	Tyr	GTA	1369187	1369172	53.2	
scaf4   	17	1360565	1360465	Lys	TTT	1360528	1360501	71.6	
scaf4   	18	1358168	1358095	Val	AAC	0	0	68.5	
scaf4   	19	656570 	656463 	Pro	TGG	656534	656499	61.9	
scaf4   	20	594825 	594754 	Glu	TTC	0	0	54.8	
scaf4   	21	465738 	465667 	iMet	CAT	0	0	69.6	
scaf4   	22	322586 	322515 	Glu	CTC	0	0	63.2	
scaf4   	23	311678 	311597 	Leu	CAA	0	0	68.1	
scaf4   	24	117007 	116924 	Leu	TAA	0	0	73.7	
scaf5   	1	203504 	203603 	Lys	TTT	203541	203567	71.6	
scaf5   	2	220413 	220484 	Asp	GTC	0	0	56.3	
scaf5   	3	220492 	220562 	Gly	GCC	0	0	61.6	
scaf5   	4	334319 	334391 	Thr	AGT	0	0	73.2	
scaf5   	5	373510 	373583 	Asn	GTT	0	0	72.8	
scaf5   	6	384466 	384537 	Glu	TTC	0	0	54.8	
scaf5   	7	555460 	555531 	His	GTG	0	0	58.3	
scaf5   	8	630779 	630850 	Gln	TTG	0	0	65.3	
scaf5   	9	768106 	768178 	Arg	TCT	0	0	74.5	
scaf5   	10	792102 	792174 	Ala	TGC	0	0	76.8	
scaf5   	11	905160 	905250 	Phe	GAA	905197	905214	71.0	
scaf5   	12	937106 	937179 	Val	AAC	0	0	68.5	
scaf5   	13	978712 	978783 	Gln	TTG	0	0	65.3	
scaf5   	14	1032543	1032633	Phe	GAA	1032580	1032597	71.0	
scaf5   	15	1371535	1371606	Trp	CCA	0	0	72.4	
scaf5   	16	1424213	1424296	Leu	TAA	0	0	73.7	
scaf5   	17	1482393	1482474	Ser	AGA	0	0	78.7	
scaf5   	18	1551685	1551758	Val	AAC	0	0	68.5	
scaf5   	19	1681198	1681279	Ser	AGA	0	0	78.7	
scaf5   	20	1692965	1693072	Pro	TGG	1693001	1693036	61.9	
scaf5   	21	1784237	1784318	Ser	AGA	0	0	78.7	
scaf5   	22	1796272	1796353	Ser	TGA	0	0	76.7	
scaf5   	23	1857329	1857417	Met	CAT	1857366	1857381	62.1	
scaf5   	24	1896440	1896513	Val	AAC	0	0	68.5	
scaf5   	25	1904750	1904677	Ile	AAT	0	0	71.5	
scaf5   	26	1883728	1883657	Glu	TTC	0	0	54.8	
scaf5   	27	1776080	1775999	Ser	AGA	0	0	78.7	
scaf5   	28	1700480	1700399	Ser	TGA	0	0	76.7	
scaf5   	29	1690296	1690223	Val	AAC	0	0	68.5	
scaf5   	30	1688616	1688535	Ser	AGA	0	0	78.7	
scaf5   	31	1481555	1481483	Ala	AGC	0	0	67.7	
scaf5   	32	1408332	1408260	Thr	AGT	0	0	73.2	
scaf5   	33	1312950	1312879	His	GTG	0	0	58.3	
scaf5   	34	1311110	1311038	Thr	AGT	0	0	73.2	
scaf5   	35	1263501	1263402	Lys	TTT	1263464	1263438	71.6	
scaf5   	36	1239270	1239198	Arg	TCT	0	0	74.5	
scaf5   	37	1239190	1239100	Phe	GAA	1239153	1239136	71.0	
scaf5   	38	784773 	784702 	His	GTG	0	0	58.3	
scaf5   	39	674312 	674205 	Pro	TGG	674276	674241	61.9	
scaf5   	40	589939 	589832 	Pro	TGG	589903	589868	61.9	
scaf5   	41	422350 	422277 	Asn	GTT	0	0	72.8	
scaf5   	42	274250 	274179 	Gln	TTG	0	0	63.5	
scaf5   	43	251043 	250972 	Asp	GTC	0	0	56.3	
scaf5   	44	250964 	250894 	Gly	GCC	0	0	61.6	
scaf5   	45	246526 	246453 	Asn	GTT	0	0	72.8	
scaf5   	46	207578 	207507 	Glu	TTC	0	0	54.8	
scaf5   	47	188804 	188733 	Asp	GTC	0	0	56.3	
scaf6   	1	306741 	306812 	Gln	CTG	0	0	62.2	
scaf6   	2	406181 	406264 	Leu	TAA	0	0	73.7	
scaf6   	3	406422 	406493 	Glu	TTC	0	0	54.8	
scaf6   	4	504107 	504178 	Cys	GCA	0	0	78.6	
scaf6   	5	801009 	801130 	Ile	TAT	801046	801094	60.1	
scaf6   	6	807658 	807731 	Val	AAC	0	0	68.5	
scaf6   	7	1121922	1121993	Trp	CCA	0	0	72.4	
scaf6   	8	1171894	1171983	Tyr	GTA	1171932	1171947	52.9	
scaf6   	9	1311443	1311531	Met	CAT	1311480	1311495	62.1	
scaf6   	10	1572511	1572602	Val	TAC	1572548	1572566	60.4	
scaf6   	11	1906296	1906385	Tyr	GTA	1906334	1906349	53.2	
scaf6   	12	1923614	1923685	Trp	CCA	0	0	72.4	
scaf6   	13	2156490	2156417	Ile	AAT	0	0	71.5	
scaf6   	14	2156398	2156326	Ala	AGC	0	0	67.7	
scaf6   	15	2061248	2061178	Ile	GAT	0	0	57.8	
scaf6   	16	1885110	1885022	Met	CAT	1885073	1885058	62.1	
scaf6   	17	1858775	1858705	Gly	CCC	0	0	61.0	
scaf6   	18	1822478	1822389	Tyr	GTA	1822440	1822425	53.2	
scaf6   	19	1793579	1793507	Arg	TCT	0	0	74.5	
scaf6   	20	1793499	1793409	Phe	GAA	1793462	1793445	71.0	
scaf6   	21	1738398	1738326	Arg	TCT	0	0	74.5	
scaf6   	22	1738318	1738228	Phe	GAA	1738281	1738264	71.0	
scaf6   	23	1720632	1720525	Pro	TGG	1720596	1720561	61.9	
scaf6   	24	1551501	1551430	Cys	GCA	0	0	78.6	
scaf6   	25	1464596	1464524	Ala	TGC	0	0	76.8	
scaf6   	26	1372720	1372629	Ser	CGA	1372683	1372673	68.7	
scaf6   	27	1299018	1298946	Ala	TGC	0	0	76.8	
scaf6   	28	508614 	508543 	iMet	CAT	0	0	69.3	
scaf6   	29	332655 	332572 	Leu	TAA	0	0	73.7	
scaf6   	30	276586 	276515 	Pro	AGG	0	0	65.6	
scaf7   	1	139494 	139575 	Leu	CAA	0	0	68.1	
scaf7   	2	178881 	178952 	Cys	GCA	0	0	78.6	
scaf7   	3	208448 	208539 	Ser	GCT	208485	208494	65.1	
scaf7   	4	509731 	509802 	Thr	TGT	0	0	81.5	
scaf7   	5	540404 	540477 	Asn	GTT	0	0	72.8	
scaf7   	6	638833 	638904 	Gln	TTG	0	0	67.3	
scaf7   	7	643703 	643776 	Val	AAC	0	0	67.8	
scaf7   	8	894414 	894484 	Gly	GCC	0	0	61.6	
scaf7   	9	1009358	1009431	Ile	AAT	0	0	71.5	
scaf7   	10	1045437	1045527	Phe	GAA	1045474	1045491	71.0	
scaf7   	11	1214765	1214864	Lys	TTT	1214802	1214828	71.6	
scaf7   	12	1299559	1299666	Pro	TGG	1299595	1299630	61.9	
scaf7   	13	1306928	1307017	Tyr	GTA	1306966	1306981	53.2	
scaf7   	14	1946103	1946031	Arg	TCT	0	0	74.5	
scaf7   	15	1916010	1915925	Lys	CTT	1915973	1915961	75.9	
scaf7   	16	1854650	1854577	Ile	AAT	0	0	71.5	
scaf7   	17	1854558	1854486	Ala	AGC	0	0	67.7	
scaf7   	18	1467421	1467350	Glu	TTC	0	0	54.8	
scaf7   	19	1397283	1397198	Lys	CTT	1397246	1397234	75.9	
scaf7   	20	1394684	1394599	Lys	CTT	1394647	1394635	75.9	
scaf7   	21	1388471	1388400	Asp	GTC	0	0	56.3	
scaf7   	22	1160120	1160049	Asp	GTC	0	0	56.3	
scaf7   	23	1160040	1159970	Gly	GCC	0	0	61.6	
scaf7   	24	1117774	1117701	Val	AAC	0	0	68.5	
scaf7   	25	1062676	1062595	Ser	AGA	0	0	78.7	
scaf7   	26	908396 	908275 	Ile	TAT	908359	908311	63.2	
scaf7   	27	744507 	744436 	Gly	TCC	0	0	65.2	
scaf7   	28	684162 	684090 	Arg	TCT	0	0	74.5	
scaf7   	29	684082 	683992 	Phe	GAA	684045	684028	71.0	
scaf7   	30	586373 	586302 	Trp	CCA	0	0	72.4	
scaf7   	31	506356 	506285 	His	GTG	0	0	58.3	
scaf7   	32	433715 	433624 	Ser	GCT	433678	433669	65.1	
scaf7   	33	399495 	399424 	Asp	GTC	0	0	56.3	
scaf7   	34	399416 	399346 	Gly	GCC	0	0	61.6	
scaf7   	35	346823 	346752 	Gln	TTG	0	0	67.3	
scaf7   	36	262399 	262292 	Pro	TGG	262363	262328	61.9	
scaf7   	37	260471 	260371 	Lys	TTT	260434	260407	71.6	
scaf7   	38	205532 	205436 	Arg	ACG	205495	205472	63.4	
scaf7   	39	175414 	175331 	Leu	TAA	0	0	73.7	
scaf7   	40	118707 	118636 	Thr	TGT	0	0	84.6	
scaf7   	41	16650  	16579  	Met	CAT	0	0	29.7	pseudo
scaf7   	42	16543  	16473  	Met	CAT	0	0	59.4	
scafMT  	1	1389   	1469   	Leu	TAA	0	0	37.7	pseudo
scafMT  	2	1558   	1628   	His	GTG	0	0	36.3	
scafMT  	3	1631   	1702   	Met	CAT	0	0	60.0	
scafMT  	4	1703   	1775   	Thr	TGT	0	0	30.4	
scafMT  	5	1780   	1850   	Glu	TTC	0	0	36.1	
scafMT  	6	1854   	1925   	Gly	TCC	0	0	35.8	pseudo
scafMT  	7	23684  	23602  	Ser	TGA	0	0	53.1	
scafMT  	8	22021  	21950  	Met	CAT	0	0	29.7	pseudo
scafMT  	9	21914  	21844  	Met	CAT	0	0	59.4	
scafMT  	10	17759  	17688  	Ala	TGC	0	0	52.5	
scafMT  	11	16910  	16840  	Asn	GTT	0	0	42.3	
scafMT  	12	9460   	9390   	Arg	TCT	0	0	47.1	
scafMT  	13	9250   	9179   	Val	TAC	0	0	45.6	pseudo
scafMT  	14	9017   	8947   	Sup	TCA	0	0	40.5	pseudo
scafMT  	15	8945   	8874   	Phe	GAA	0	0	46.7	pseudo
scafMT  	16	8808   	8737   	Lys	TTT	0	0	47.3	
scafMT  	17	7766   	7696   	Ile	GAT	0	0	57.8	
scafMT  	18	7613   	7541   	Asp	GTC	0	0	31.0	
scafMT  	19	7456   	7385   	Arg	ACG	0	0	49.7	
